CRITICAL - 2021-04-03 23:39:24 --> Unable to connect to the database.
#0 E:\Diajar\Diajar VUEJS\tiGoogle\CRUD-CodeIgniter-4-and-Vue.js-master\system\Database\BaseConnection.php(646): CodeIgniter\Database\BaseConnection->initialize()
#1 E:\Diajar\Diajar VUEJS\tiGoogle\CRUD-CodeIgniter-4-and-Vue.js-master\system\Database\BaseBuilder.php(1860): CodeIgniter\Database\BaseConnection->query('SELECT *\nFROM `...', Array, false)
#2 E:\Diajar\Diajar VUEJS\tiGoogle\CRUD-CodeIgniter-4-and-Vue.js-master\system\Model.php(462): CodeIgniter\Database\BaseBuilder->get()
#3 E:\Diajar\Diajar VUEJS\tiGoogle\CRUD-CodeIgniter-4-and-Vue.js-master\app\Controllers\Product.php(16): CodeIgniter\Model->findAll()
#4 E:\Diajar\Diajar VUEJS\tiGoogle\CRUD-CodeIgniter-4-and-Vue.js-master\system\CodeIgniter.php(918): App\Controllers\Product->getProduct()
#5 E:\Diajar\Diajar VUEJS\tiGoogle\CRUD-CodeIgniter-4-and-Vue.js-master\system\CodeIgniter.php(404): CodeIgniter\CodeIgniter->runController(Object(App\Controllers\Product))
#6 E:\Diajar\Diajar VUEJS\tiGoogle\CRUD-CodeIgniter-4-and-Vue.js-master\system\CodeIgniter.php(312): CodeIgniter\CodeIgniter->handleRequest(NULL, Object(Config\Cache), false)
#7 E:\Diajar\Diajar VUEJS\tiGoogle\CRUD-CodeIgniter-4-and-Vue.js-master\public\index.php(45): CodeIgniter\CodeIgniter->run()
#8 E:\Diajar\Diajar VUEJS\tiGoogle\CRUD-CodeIgniter-4-and-Vue.js-master\system\Commands\Server\rewrite.php(34): require_once('E:\\Diajar\\Diaja...')
#9 {main}
CRITICAL - 2021-04-03 23:40:35 --> Unable to connect to the database.
#0 E:\Diajar\Diajar VUEJS\tiGoogle\CRUD-CodeIgniter-4-and-Vue.js-master\system\Database\BaseConnection.php(646): CodeIgniter\Database\BaseConnection->initialize()
#1 E:\Diajar\Diajar VUEJS\tiGoogle\CRUD-CodeIgniter-4-and-Vue.js-master\system\Database\BaseBuilder.php(2249): CodeIgniter\Database\BaseConnection->query('INSERT INTO `pr...', Array, false)
#2 E:\Diajar\Diajar VUEJS\tiGoogle\CRUD-CodeIgniter-4-and-Vue.js-master\system\Model.php(755): CodeIgniter\Database\BaseBuilder->insert()
#3 E:\Diajar\Diajar VUEJS\tiGoogle\CRUD-CodeIgniter-4-and-Vue.js-master\app\Controllers\Product.php(27): CodeIgniter\Model->insert(Array)
#4 E:\Diajar\Diajar VUEJS\tiGoogle\CRUD-CodeIgniter-4-and-Vue.js-master\system\CodeIgniter.php(918): App\Controllers\Product->save()
#5 E:\Diajar\Diajar VUEJS\tiGoogle\CRUD-CodeIgniter-4-and-Vue.js-master\system\CodeIgniter.php(404): CodeIgniter\CodeIgniter->runController(Object(App\Controllers\Product))
#6 E:\Diajar\Diajar VUEJS\tiGoogle\CRUD-CodeIgniter-4-and-Vue.js-master\system\CodeIgniter.php(312): CodeIgniter\CodeIgniter->handleRequest(NULL, Object(Config\Cache), false)
#7 E:\Diajar\Diajar VUEJS\tiGoogle\CRUD-CodeIgniter-4-and-Vue.js-master\public\index.php(45): CodeIgniter\CodeIgniter->run()
#8 E:\Diajar\Diajar VUEJS\tiGoogle\CRUD-CodeIgniter-4-and-Vue.js-master\system\Commands\Server\rewrite.php(34): require_once('E:\\Diajar\\Diaja...')
#9 {main}
CRITICAL - 2021-04-03 23:40:40 --> Unable to connect to the database.
#0 E:\Diajar\Diajar VUEJS\tiGoogle\CRUD-CodeIgniter-4-and-Vue.js-master\system\Database\BaseConnection.php(646): CodeIgniter\Database\BaseConnection->initialize()
#1 E:\Diajar\Diajar VUEJS\tiGoogle\CRUD-CodeIgniter-4-and-Vue.js-master\system\Database\BaseBuilder.php(2249): CodeIgniter\Database\BaseConnection->query('INSERT INTO `pr...', Array, false)
#2 E:\Diajar\Diajar VUEJS\tiGoogle\CRUD-CodeIgniter-4-and-Vue.js-master\system\Model.php(755): CodeIgniter\Database\BaseBuilder->insert()
#3 E:\Diajar\Diajar VUEJS\tiGoogle\CRUD-CodeIgniter-4-and-Vue.js-master\app\Controllers\Product.php(27): CodeIgniter\Model->insert(Array)
#4 E:\Diajar\Diajar VUEJS\tiGoogle\CRUD-CodeIgniter-4-and-Vue.js-master\system\CodeIgniter.php(918): App\Controllers\Product->save()
#5 E:\Diajar\Diajar VUEJS\tiGoogle\CRUD-CodeIgniter-4-and-Vue.js-master\system\CodeIgniter.php(404): CodeIgniter\CodeIgniter->runController(Object(App\Controllers\Product))
#6 E:\Diajar\Diajar VUEJS\tiGoogle\CRUD-CodeIgniter-4-and-Vue.js-master\system\CodeIgniter.php(312): CodeIgniter\CodeIgniter->handleRequest(NULL, Object(Config\Cache), false)
#7 E:\Diajar\Diajar VUEJS\tiGoogle\CRUD-CodeIgniter-4-and-Vue.js-master\public\index.php(45): CodeIgniter\CodeIgniter->run()
#8 E:\Diajar\Diajar VUEJS\tiGoogle\CRUD-CodeIgniter-4-and-Vue.js-master\system\Commands\Server\rewrite.php(34): require_once('E:\\Diajar\\Diaja...')
#9 {main}
CRITICAL - 2021-04-03 23:40:45 --> Unable to connect to the database.
#0 E:\Diajar\Diajar VUEJS\tiGoogle\CRUD-CodeIgniter-4-and-Vue.js-master\system\Database\BaseConnection.php(646): CodeIgniter\Database\BaseConnection->initialize()
#1 E:\Diajar\Diajar VUEJS\tiGoogle\CRUD-CodeIgniter-4-and-Vue.js-master\system\Database\BaseBuilder.php(2249): CodeIgniter\Database\BaseConnection->query('INSERT INTO `pr...', Array, false)
#2 E:\Diajar\Diajar VUEJS\tiGoogle\CRUD-CodeIgniter-4-and-Vue.js-master\system\Model.php(755): CodeIgniter\Database\BaseBuilder->insert()
#3 E:\Diajar\Diajar VUEJS\tiGoogle\CRUD-CodeIgniter-4-and-Vue.js-master\app\Controllers\Product.php(27): CodeIgniter\Model->insert(Array)
#4 E:\Diajar\Diajar VUEJS\tiGoogle\CRUD-CodeIgniter-4-and-Vue.js-master\system\CodeIgniter.php(918): App\Controllers\Product->save()
#5 E:\Diajar\Diajar VUEJS\tiGoogle\CRUD-CodeIgniter-4-and-Vue.js-master\system\CodeIgniter.php(404): CodeIgniter\CodeIgniter->runController(Object(App\Controllers\Product))
#6 E:\Diajar\Diajar VUEJS\tiGoogle\CRUD-CodeIgniter-4-and-Vue.js-master\system\CodeIgniter.php(312): CodeIgniter\CodeIgniter->handleRequest(NULL, Object(Config\Cache), false)
#7 E:\Diajar\Diajar VUEJS\tiGoogle\CRUD-CodeIgniter-4-and-Vue.js-master\public\index.php(45): CodeIgniter\CodeIgniter->run()
#8 E:\Diajar\Diajar VUEJS\tiGoogle\CRUD-CodeIgniter-4-and-Vue.js-master\system\Commands\Server\rewrite.php(34): require_once('E:\\Diajar\\Diaja...')
#9 {main}
CRITICAL - 2021-04-03 23:40:49 --> Unable to connect to the database.
#0 E:\Diajar\Diajar VUEJS\tiGoogle\CRUD-CodeIgniter-4-and-Vue.js-master\system\Database\BaseConnection.php(646): CodeIgniter\Database\BaseConnection->initialize()
#1 E:\Diajar\Diajar VUEJS\tiGoogle\CRUD-CodeIgniter-4-and-Vue.js-master\system\Database\BaseBuilder.php(2249): CodeIgniter\Database\BaseConnection->query('INSERT INTO `pr...', Array, false)
#2 E:\Diajar\Diajar VUEJS\tiGoogle\CRUD-CodeIgniter-4-and-Vue.js-master\system\Model.php(755): CodeIgniter\Database\BaseBuilder->insert()
#3 E:\Diajar\Diajar VUEJS\tiGoogle\CRUD-CodeIgniter-4-and-Vue.js-master\app\Controllers\Product.php(27): CodeIgniter\Model->insert(Array)
#4 E:\Diajar\Diajar VUEJS\tiGoogle\CRUD-CodeIgniter-4-and-Vue.js-master\system\CodeIgniter.php(918): App\Controllers\Product->save()
#5 E:\Diajar\Diajar VUEJS\tiGoogle\CRUD-CodeIgniter-4-and-Vue.js-master\system\CodeIgniter.php(404): CodeIgniter\CodeIgniter->runController(Object(App\Controllers\Product))
#6 E:\Diajar\Diajar VUEJS\tiGoogle\CRUD-CodeIgniter-4-and-Vue.js-master\system\CodeIgniter.php(312): CodeIgniter\CodeIgniter->handleRequest(NULL, Object(Config\Cache), false)
#7 E:\Diajar\Diajar VUEJS\tiGoogle\CRUD-CodeIgniter-4-and-Vue.js-master\public\index.php(45): CodeIgniter\CodeIgniter->run()
#8 E:\Diajar\Diajar VUEJS\tiGoogle\CRUD-CodeIgniter-4-and-Vue.js-master\system\Commands\Server\rewrite.php(34): require_once('E:\\Diajar\\Diaja...')
#9 {main}
CRITICAL - 2021-04-03 23:40:53 --> Unable to connect to the database.
#0 E:\Diajar\Diajar VUEJS\tiGoogle\CRUD-CodeIgniter-4-and-Vue.js-master\system\Database\BaseConnection.php(646): CodeIgniter\Database\BaseConnection->initialize()
#1 E:\Diajar\Diajar VUEJS\tiGoogle\CRUD-CodeIgniter-4-and-Vue.js-master\system\Database\BaseBuilder.php(2249): CodeIgniter\Database\BaseConnection->query('INSERT INTO `pr...', Array, false)
#2 E:\Diajar\Diajar VUEJS\tiGoogle\CRUD-CodeIgniter-4-and-Vue.js-master\system\Model.php(755): CodeIgniter\Database\BaseBuilder->insert()
#3 E:\Diajar\Diajar VUEJS\tiGoogle\CRUD-CodeIgniter-4-and-Vue.js-master\app\Controllers\Product.php(27): CodeIgniter\Model->insert(Array)
#4 E:\Diajar\Diajar VUEJS\tiGoogle\CRUD-CodeIgniter-4-and-Vue.js-master\system\CodeIgniter.php(918): App\Controllers\Product->save()
#5 E:\Diajar\Diajar VUEJS\tiGoogle\CRUD-CodeIgniter-4-and-Vue.js-master\system\CodeIgniter.php(404): CodeIgniter\CodeIgniter->runController(Object(App\Controllers\Product))
#6 E:\Diajar\Diajar VUEJS\tiGoogle\CRUD-CodeIgniter-4-and-Vue.js-master\system\CodeIgniter.php(312): CodeIgniter\CodeIgniter->handleRequest(NULL, Object(Config\Cache), false)
#7 E:\Diajar\Diajar VUEJS\tiGoogle\CRUD-CodeIgniter-4-and-Vue.js-master\public\index.php(45): CodeIgniter\CodeIgniter->run()
#8 E:\Diajar\Diajar VUEJS\tiGoogle\CRUD-CodeIgniter-4-and-Vue.js-master\system\Commands\Server\rewrite.php(34): require_once('E:\\Diajar\\Diaja...')
#9 {main}
CRITICAL - 2021-04-03 23:40:57 --> Unable to connect to the database.
#0 E:\Diajar\Diajar VUEJS\tiGoogle\CRUD-CodeIgniter-4-and-Vue.js-master\system\Database\BaseConnection.php(646): CodeIgniter\Database\BaseConnection->initialize()
#1 E:\Diajar\Diajar VUEJS\tiGoogle\CRUD-CodeIgniter-4-and-Vue.js-master\system\Database\BaseBuilder.php(2249): CodeIgniter\Database\BaseConnection->query('INSERT INTO `pr...', Array, false)
#2 E:\Diajar\Diajar VUEJS\tiGoogle\CRUD-CodeIgniter-4-and-Vue.js-master\system\Model.php(755): CodeIgniter\Database\BaseBuilder->insert()
#3 E:\Diajar\Diajar VUEJS\tiGoogle\CRUD-CodeIgniter-4-and-Vue.js-master\app\Controllers\Product.php(27): CodeIgniter\Model->insert(Array)
#4 E:\Diajar\Diajar VUEJS\tiGoogle\CRUD-CodeIgniter-4-and-Vue.js-master\system\CodeIgniter.php(918): App\Controllers\Product->save()
#5 E:\Diajar\Diajar VUEJS\tiGoogle\CRUD-CodeIgniter-4-and-Vue.js-master\system\CodeIgniter.php(404): CodeIgniter\CodeIgniter->runController(Object(App\Controllers\Product))
#6 E:\Diajar\Diajar VUEJS\tiGoogle\CRUD-CodeIgniter-4-and-Vue.js-master\system\CodeIgniter.php(312): CodeIgniter\CodeIgniter->handleRequest(NULL, Object(Config\Cache), false)
#7 E:\Diajar\Diajar VUEJS\tiGoogle\CRUD-CodeIgniter-4-and-Vue.js-master\public\index.php(45): CodeIgniter\CodeIgniter->run()
#8 E:\Diajar\Diajar VUEJS\tiGoogle\CRUD-CodeIgniter-4-and-Vue.js-master\system\Commands\Server\rewrite.php(34): require_once('E:\\Diajar\\Diaja...')
#9 {main}
CRITICAL - 2021-04-03 23:41:02 --> Unable to connect to the database.
#0 E:\Diajar\Diajar VUEJS\tiGoogle\CRUD-CodeIgniter-4-and-Vue.js-master\system\Database\BaseConnection.php(646): CodeIgniter\Database\BaseConnection->initialize()
#1 E:\Diajar\Diajar VUEJS\tiGoogle\CRUD-CodeIgniter-4-and-Vue.js-master\system\Database\BaseBuilder.php(2249): CodeIgniter\Database\BaseConnection->query('INSERT INTO `pr...', Array, false)
#2 E:\Diajar\Diajar VUEJS\tiGoogle\CRUD-CodeIgniter-4-and-Vue.js-master\system\Model.php(755): CodeIgniter\Database\BaseBuilder->insert()
#3 E:\Diajar\Diajar VUEJS\tiGoogle\CRUD-CodeIgniter-4-and-Vue.js-master\app\Controllers\Product.php(27): CodeIgniter\Model->insert(Array)
#4 E:\Diajar\Diajar VUEJS\tiGoogle\CRUD-CodeIgniter-4-and-Vue.js-master\system\CodeIgniter.php(918): App\Controllers\Product->save()
#5 E:\Diajar\Diajar VUEJS\tiGoogle\CRUD-CodeIgniter-4-and-Vue.js-master\system\CodeIgniter.php(404): CodeIgniter\CodeIgniter->runController(Object(App\Controllers\Product))
#6 E:\Diajar\Diajar VUEJS\tiGoogle\CRUD-CodeIgniter-4-and-Vue.js-master\system\CodeIgniter.php(312): CodeIgniter\CodeIgniter->handleRequest(NULL, Object(Config\Cache), false)
#7 E:\Diajar\Diajar VUEJS\tiGoogle\CRUD-CodeIgniter-4-and-Vue.js-master\public\index.php(45): CodeIgniter\CodeIgniter->run()
#8 E:\Diajar\Diajar VUEJS\tiGoogle\CRUD-CodeIgniter-4-and-Vue.js-master\system\Commands\Server\rewrite.php(34): require_once('E:\\Diajar\\Diaja...')
#9 {main}
CRITICAL - 2021-04-03 23:41:06 --> Unable to connect to the database.
#0 E:\Diajar\Diajar VUEJS\tiGoogle\CRUD-CodeIgniter-4-and-Vue.js-master\system\Database\BaseConnection.php(646): CodeIgniter\Database\BaseConnection->initialize()
#1 E:\Diajar\Diajar VUEJS\tiGoogle\CRUD-CodeIgniter-4-and-Vue.js-master\system\Database\BaseBuilder.php(2249): CodeIgniter\Database\BaseConnection->query('INSERT INTO `pr...', Array, false)
#2 E:\Diajar\Diajar VUEJS\tiGoogle\CRUD-CodeIgniter-4-and-Vue.js-master\system\Model.php(755): CodeIgniter\Database\BaseBuilder->insert()
#3 E:\Diajar\Diajar VUEJS\tiGoogle\CRUD-CodeIgniter-4-and-Vue.js-master\app\Controllers\Product.php(27): CodeIgniter\Model->insert(Array)
#4 E:\Diajar\Diajar VUEJS\tiGoogle\CRUD-CodeIgniter-4-and-Vue.js-master\system\CodeIgniter.php(918): App\Controllers\Product->save()
#5 E:\Diajar\Diajar VUEJS\tiGoogle\CRUD-CodeIgniter-4-and-Vue.js-master\system\CodeIgniter.php(404): CodeIgniter\CodeIgniter->runController(Object(App\Controllers\Product))
#6 E:\Diajar\Diajar VUEJS\tiGoogle\CRUD-CodeIgniter-4-and-Vue.js-master\system\CodeIgniter.php(312): CodeIgniter\CodeIgniter->handleRequest(NULL, Object(Config\Cache), false)
#7 E:\Diajar\Diajar VUEJS\tiGoogle\CRUD-CodeIgniter-4-and-Vue.js-master\public\index.php(45): CodeIgniter\CodeIgniter->run()
#8 E:\Diajar\Diajar VUEJS\tiGoogle\CRUD-CodeIgniter-4-and-Vue.js-master\system\Commands\Server\rewrite.php(34): require_once('E:\\Diajar\\Diaja...')
#9 {main}
